2023-11-04 17:45:36|0s|404|GET|/|::1|0 B|0 B||
2023-11-04 17:45:37|0s|404|GET|/favicon.ico|::1|0 B|0 B||
2023-11-04 17:45:48|169µs|200|GET|/health|::1|0 B|2 B||
2023-11-04 20:13:12|0s|200|GET|/health|::1|0 B|2 B||
2023-11-04 20:13:22|0s|200|GET|/health|::1|0 B|2 B||
2023-11-04 20:13:32|0s|200|GET|/health|::1|0 B|2 B||
2023-11-04 20:13:42|0s|200|GET|/health|::1|0 B|2 B||
2023-11-04 20:13:52|0s|200|GET|/health|::1|0 B|2 B||
2023-11-04 20:14:02|0s|200|GET|/health|::1|0 B|2 B||
2023-11-04 20:14:12|0s|200|GET|/health|::1|0 B|2 B||
2023-11-04 20:14:22|0s|200|GET|/health|::1|0 B|2 B||
2023-11-04 20:14:32|0s|200|GET|/health|::1|0 B|2 B||
2023-11-04 20:14:42|0s|200|GET|/health|::1|0 B|2 B||
2023-11-07 20:20:43|511.1µs|404|POST|/api/app1/message|127.0.0.1|0 B|0 B||
2023-11-07 20:20:53|0s|400|POST|/api/app1/message/user|127.0.0.1|0 B|3 B|error(EOF)|
2023-11-07 20:21:08|0s|400|POST|/api/app1/message/group|127.0.0.1|0 B|3 B|error(EOF)|
2023-11-07 20:21:52|0s|400|POST|/api/app1/message/ack|127.0.0.1|0 B|3 B|error(EOF)|
2023-11-07 20:23:18|53.3403ms|500|GET|/api/app1/group/123|127.0.0.1|0 B|16 B|error(record not found)|
2023-11-07 20:24:21|0s|400|POST|/api/app1/group|127.0.0.1|0 B|3 B|error(EOF)|
2023-11-07 20:24:57|0s|400|POST|/api/app1/group/member|127.0.0.1|0 B|3 B|error(EOF)|
2023-11-07 20:25:39|0s|404|DELETE|/api/app1/group/members/250|127.0.0.1|0 B|0 B||
2023-11-07 20:26:21|52.492ms|200|GET|/api/app1/group/members/123|127.0.0.1|app=app1 id=123|0 B|3 B||
2023-11-07 20:27:53|540.3µs|400|POST|/api/app1/offline/index|127.0.0.1|0 B|10 B|error(EOF)|
2023-11-07 20:28:28|0s|400|POST|/api/app1/offline/content|127.0.0.1|0 B|10 B|error(EOF)|
2023-11-07 20:28:30|0s|404|POST|/api/app1/offline/conten|127.0.0.1|0 B|0 B||
2023-11-07 20:28:36|856.2µs|400|POST|/api/app1/offline/content|127.0.0.1|0 B|10 B|error(EOF)|
2023-11-07 20:29:07|0s|404|POST|/health|127.0.0.1|0 B|0 B||
2023-11-07 20:29:10|0s|200|GET|/health|127.0.0.1|0 B|2 B||
2023-11-07 20:45:47|0s|200|GET|/health|127.0.0.1|0 B|2 B||
2023-11-08 12:14:08|0s|200|GET|/health|::1|0 B|2 B||
2023-11-08 12:14:18|0s|200|GET|/health|::1|0 B|2 B||
2023-11-08 12:14:28|0s|200|GET|/health|::1|0 B|2 B||
2023-11-08 12:14:38|0s|200|GET|/health|::1|0 B|2 B||
2023-11-08 12:14:48|0s|200|GET|/health|::1|0 B|2 B||
2023-11-08 12:14:58|0s|200|GET|/health|::1|0 B|2 B||
2023-11-08 12:15:08|0s|200|GET|/health|::1|0 B|2 B||
2023-11-08 12:15:18|0s|200|GET|/health|::1|0 B|2 B||
2023-11-08 12:15:28|0s|200|GET|/health|::1|0 B|2 B||
2023-11-08 12:15:38|0s|200|GET|/health|::1|0 B|2 B||
2023-11-08 12:15:48|0s|200|GET|/health|::1|0 B|2 B||
2023-11-08 12:15:58|0s|200|GET|/health|::1|0 B|2 B||
2023-11-08 12:16:08|0s|200|GET|/health|::1|0 B|2 B||
2023-11-08 12:16:18|0s|200|GET|/health|::1|0 B|2 B||
2023-11-08 12:16:28|0s|200|GET|/health|::1|0 B|2 B||
2023-11-08 12:16:38|0s|200|GET|/health|::1|0 B|2 B||
2023-11-08 12:16:48|0s|200|GET|/health|::1|0 B|2 B||
2023-11-08 12:16:58|0s|200|GET|/health|::1|0 B|2 B||
2023-11-08 12:17:08|0s|200|GET|/health|::1|0 B|2 B||
2023-11-08 12:17:18|0s|200|GET|/health|::1|0 B|2 B||
2023-11-08 12:17:28|0s|200|GET|/health|::1|0 B|2 B||
2023-11-08 12:17:38|0s|200|GET|/health|::1|0 B|2 B||
2023-11-08 12:17:49|0s|200|GET|/health|::1|0 B|2 B||
2023-11-08 12:17:59|0s|200|GET|/health|::1|0 B|2 B||
2023-11-08 12:18:09|0s|200|GET|/health|::1|0 B|2 B||
2023-11-08 12:18:19|0s|200|GET|/health|::1|0 B|2 B||
2023-11-08 12:18:29|0s|200|GET|/health|::1|0 B|2 B||
2023-11-08 12:18:39|0s|200|GET|/health|::1|0 B|2 B||
2023-11-08 12:18:49|0s|200|GET|/health|::1|0 B|2 B||
2023-11-08 12:18:59|0s|200|GET|/health|::1|0 B|2 B||
2023-11-08 12:19:09|0s|200|GET|/health|::1|0 B|2 B||
2023-11-08 12:19:19|0s|200|GET|/health|::1|0 B|2 B||
2023-11-08 12:19:29|0s|200|GET|/health|::1|0 B|2 B||
2023-11-08 12:19:39|0s|200|GET|/health|::1|0 B|2 B||
2023-11-08 12:19:49|0s|200|GET|/health|::1|0 B|2 B||
2023-11-08 12:19:59|0s|200|GET|/health|::1|0 B|2 B||
2023-11-08 12:20:09|0s|200|GET|/health|::1|0 B|2 B||
2023-11-08 12:20:19|0s|200|GET|/health|::1|0 B|2 B||
2023-11-08 12:20:29|0s|200|GET|/health|::1|0 B|2 B||
2023-11-08 12:20:39|0s|200|GET|/health|::1|0 B|2 B||
2023-11-08 12:20:49|0s|200|GET|/health|::1|0 B|2 B||
2023-11-08 12:20:59|0s|200|GET|/health|::1|0 B|2 B||
2023-11-08 12:21:09|0s|200|GET|/health|::1|0 B|2 B||
2023-11-08 12:21:19|0s|200|GET|/health|::1|0 B|2 B||
2023-11-08 12:21:29|0s|200|GET|/health|::1|0 B|2 B||
2023-11-08 12:21:39|0s|200|GET|/health|::1|0 B|2 B||
2023-11-08 12:21:49|0s|200|GET|/health|::1|0 B|2 B||
2023-11-08 12:21:59|0s|200|GET|/health|::1|0 B|2 B||
2023-11-08 12:22:09|0s|200|GET|/health|::1|0 B|2 B||
2023-11-08 12:22:19|0s|200|GET|/health|::1|0 B|2 B||
2023-11-08 12:22:29|0s|200|GET|/health|::1|0 B|2 B||
2023-11-08 12:22:39|0s|200|GET|/health|::1|0 B|2 B||
2023-11-08 12:22:49|0s|200|GET|/health|::1|0 B|2 B||
2023-11-08 12:22:59|0s|200|GET|/health|::1|0 B|2 B||
2023-11-08 12:23:09|0s|200|GET|/health|::1|0 B|2 B||
2023-11-08 12:23:19|0s|200|GET|/health|::1|0 B|2 B||
2023-11-08 12:23:29|0s|200|GET|/health|::1|0 B|2 B||
2023-11-08 12:23:39|0s|200|GET|/health|::1|0 B|2 B||
2023-11-08 12:23:49|0s|200|GET|/health|::1|0 B|2 B||
2023-11-08 12:23:59|0s|200|GET|/health|::1|0 B|2 B||
2023-11-08 12:24:09|0s|200|GET|/health|::1|0 B|2 B||
2023-11-08 12:24:19|0s|200|GET|/health|::1|0 B|2 B||
2023-11-08 12:24:29|0s|200|GET|/health|::1|0 B|2 B||
2023-11-08 12:24:39|0s|200|GET|/health|::1|0 B|2 B||
2023-11-08 12:24:49|0s|200|GET|/health|::1|0 B|2 B||
2023-11-08 12:24:59|0s|200|GET|/health|::1|0 B|2 B||
2023-11-08 12:25:09|0s|200|GET|/health|::1|0 B|2 B||
2023-11-08 12:25:19|0s|200|GET|/health|::1|0 B|2 B||
2023-11-08 12:25:29|0s|200|GET|/health|::1|0 B|2 B||
2023-11-08 12:25:39|0s|200|GET|/health|::1|0 B|2 B||
2023-11-08 12:25:49|0s|200|GET|/health|::1|0 B|2 B||
2023-11-08 12:25:59|0s|200|GET|/health|::1|0 B|2 B||
2023-11-08 12:26:09|0s|200|GET|/health|::1|0 B|2 B||
2023-11-08 12:26:19|0s|200|GET|/health|::1|0 B|2 B||
2023-11-08 12:26:29|0s|200|GET|/health|::1|0 B|2 B||
2023-11-08 12:26:39|0s|200|GET|/health|::1|0 B|2 B||
2023-11-08 12:26:49|0s|200|GET|/health|::1|0 B|2 B||
2023-11-08 12:26:59|0s|200|GET|/health|::1|0 B|2 B||
2023-11-08 12:27:09|0s|200|GET|/health|::1|0 B|2 B||
2023-11-08 12:27:19|0s|200|GET|/health|::1|0 B|2 B||
2023-11-08 12:27:29|0s|200|GET|/health|::1|0 B|2 B||
2023-11-08 12:27:39|0s|200|GET|/health|::1|0 B|2 B||
2023-11-08 12:27:49|0s|200|GET|/health|::1|0 B|2 B||
2023-11-08 12:27:59|0s|200|GET|/health|::1|0 B|2 B||
2023-11-08 12:28:09|0s|200|GET|/health|::1|0 B|2 B||
2023-11-08 12:28:19|0s|200|GET|/health|::1|0 B|2 B||
2023-11-08 12:28:29|0s|200|GET|/health|::1|0 B|2 B||
2023-11-08 12:28:39|0s|200|GET|/health|::1|0 B|2 B||
2023-11-08 12:28:49|0s|200|GET|/health|::1|0 B|2 B||
2023-11-08 12:28:59|0s|200|GET|/health|::1|0 B|2 B||
2023-11-08 12:29:09|0s|200|GET|/health|::1|0 B|2 B||
2023-11-08 12:29:19|0s|200|GET|/health|::1|0 B|2 B||
2023-11-08 12:29:29|0s|200|GET|/health|::1|0 B|2 B||
2023-11-08 12:29:39|0s|200|GET|/health|::1|0 B|2 B||
2023-11-08 12:29:49|0s|200|GET|/health|::1|0 B|2 B||
2023-11-08 12:29:59|0s|200|GET|/health|::1|0 B|2 B||
2023-11-08 12:30:09|0s|200|GET|/health|::1|0 B|2 B||
2023-11-08 12:30:19|0s|200|GET|/health|::1|0 B|2 B||
2023-11-08 12:30:29|0s|200|GET|/health|::1|0 B|2 B||
2023-11-08 12:30:39|0s|200|GET|/health|::1|0 B|2 B||
2023-11-08 12:30:49|0s|200|GET|/health|::1|0 B|2 B||
2023-11-08 12:30:59|0s|200|GET|/health|::1|0 B|2 B||
2023-11-08 12:31:09|0s|200|GET|/health|::1|0 B|2 B||
2023-11-08 12:31:19|0s|200|GET|/health|::1|0 B|2 B||
2023-11-08 12:31:29|0s|200|GET|/health|::1|0 B|2 B||
2023-11-08 12:31:39|0s|200|GET|/health|::1|0 B|2 B||
2023-11-08 12:31:49|0s|200|GET|/health|::1|0 B|2 B||
2023-11-08 12:31:59|0s|200|GET|/health|::1|0 B|2 B||
2023-11-08 12:32:09|0s|200|GET|/health|::1|0 B|2 B||
2023-11-08 12:32:19|0s|200|GET|/health|::1|0 B|2 B||
2023-11-08 12:32:29|0s|200|GET|/health|::1|0 B|2 B||
2023-11-08 12:32:39|0s|200|GET|/health|::1|0 B|2 B||
2023-11-08 12:32:49|0s|200|GET|/health|::1|0 B|2 B||
2023-11-08 12:32:59|0s|200|GET|/health|::1|0 B|2 B||
2023-11-08 12:33:09|0s|200|GET|/health|::1|0 B|2 B||
2023-11-08 12:33:19|80.9µs|200|GET|/health|::1|0 B|2 B||
2023-11-08 12:33:29|0s|200|GET|/health|::1|0 B|2 B||
2023-11-08 12:33:39|0s|200|GET|/health|::1|0 B|2 B||
2023-11-08 12:33:49|0s|200|GET|/health|::1|0 B|2 B||
2023-11-08 12:33:59|0s|200|GET|/health|::1|0 B|2 B||
2023-11-08 12:34:09|0s|200|GET|/health|::1|0 B|2 B||
2023-11-08 12:34:19|0s|200|GET|/health|::1|0 B|2 B||
2023-11-08 12:34:29|0s|200|GET|/health|::1|0 B|2 B||
2023-11-08 12:34:39|0s|200|GET|/health|::1|0 B|2 B||
2023-11-08 12:34:49|0s|200|GET|/health|::1|0 B|2 B||
2023-11-08 12:34:59|0s|200|GET|/health|::1|0 B|2 B||
2023-11-08 12:35:09|0s|200|GET|/health|::1|0 B|2 B||
2023-11-08 12:35:19|0s|200|GET|/health|::1|0 B|2 B||
2023-11-08 12:35:29|0s|200|GET|/health|::1|0 B|2 B||
2023-11-08 12:35:39|0s|200|GET|/health|::1|0 B|2 B||
2023-11-08 12:35:49|0s|200|GET|/health|::1|0 B|2 B||
2023-11-08 12:35:59|0s|200|GET|/health|::1|0 B|2 B||
2023-11-08 12:36:09|0s|200|GET|/health|::1|0 B|2 B||
2023-11-08 12:36:20|0s|200|GET|/health|::1|0 B|2 B||
2023-11-08 12:36:30|0s|200|GET|/health|::1|0 B|2 B||
2023-11-08 12:36:40|0s|200|GET|/health|::1|0 B|2 B||
2023-11-08 12:36:50|0s|200|GET|/health|::1|0 B|2 B||
2023-11-08 12:37:00|0s|200|GET|/health|::1|0 B|2 B||
2023-11-08 12:37:10|0s|200|GET|/health|::1|0 B|2 B||
2023-11-08 12:37:20|0s|200|GET|/health|::1|0 B|2 B||
2023-11-08 12:37:30|0s|200|GET|/health|::1|0 B|2 B||
2023-11-08 12:37:40|0s|200|GET|/health|::1|0 B|2 B||
2023-11-08 12:37:50|0s|200|GET|/health|::1|0 B|2 B||
2023-11-08 12:38:00|0s|200|GET|/health|::1|0 B|2 B||
2023-11-08 12:38:10|0s|200|GET|/health|::1|0 B|2 B||
2023-11-08 12:38:20|0s|200|GET|/health|::1|0 B|2 B||
2023-11-08 12:38:30|0s|200|GET|/health|::1|0 B|2 B||
2023-11-08 12:38:40|0s|200|GET|/health|::1|0 B|2 B||
2023-11-08 12:38:50|0s|200|GET|/health|::1|0 B|2 B||
2023-11-08 12:39:00|0s|200|GET|/health|::1|0 B|2 B||
2023-11-08 12:39:10|0s|200|GET|/health|::1|0 B|2 B||
2023-11-08 12:39:20|0s|200|GET|/health|::1|0 B|2 B||
2023-11-08 12:39:30|0s|200|GET|/health|::1|0 B|2 B||
2023-11-08 12:39:40|0s|200|GET|/health|::1|0 B|2 B||
2023-11-08 12:39:50|0s|200|GET|/health|::1|0 B|2 B||
2023-11-08 12:40:00|0s|200|GET|/health|::1|0 B|2 B||
2023-11-08 12:40:10|0s|200|GET|/health|::1|0 B|2 B||
2023-11-08 12:40:20|0s|200|GET|/health|::1|0 B|2 B||
2023-11-08 12:40:30|0s|200|GET|/health|::1|0 B|2 B||
2023-11-08 12:40:40|0s|200|GET|/health|::1|0 B|2 B||
2023-11-08 12:40:50|0s|200|GET|/health|::1|0 B|2 B||
2023-11-08 12:41:00|0s|200|GET|/health|::1|0 B|2 B||
2023-11-08 12:41:10|0s|200|GET|/health|::1|0 B|2 B||
2023-11-08 12:41:20|0s|200|GET|/health|::1|0 B|2 B||
2023-11-08 12:41:30|0s|200|GET|/health|::1|0 B|2 B||
2023-11-08 12:41:40|0s|200|GET|/health|::1|0 B|2 B||
2023-11-08 12:41:50|0s|200|GET|/health|::1|0 B|2 B||
2023-11-08 12:42:00|0s|200|GET|/health|::1|0 B|2 B||
2023-11-08 12:42:10|0s|200|GET|/health|::1|0 B|2 B||
2023-11-08 12:42:20|0s|200|GET|/health|::1|0 B|2 B||
2023-11-08 12:42:30|0s|200|GET|/health|::1|0 B|2 B||
2023-11-08 12:42:40|0s|200|GET|/health|::1|0 B|2 B||
2023-11-08 12:42:50|0s|200|GET|/health|::1|0 B|2 B||
2023-11-08 12:43:00|0s|200|GET|/health|::1|0 B|2 B||
2023-11-08 12:43:10|0s|200|GET|/health|::1|0 B|2 B||
2023-11-08 12:43:20|0s|200|GET|/health|::1|0 B|2 B||
2023-11-08 12:43:30|0s|200|GET|/health|::1|0 B|2 B||
2023-11-08 12:43:40|0s|200|GET|/health|::1|0 B|2 B||
2023-11-08 12:43:50|0s|200|GET|/health|::1|0 B|2 B||
2023-11-08 12:44:00|0s|200|GET|/health|::1|0 B|2 B||
2023-11-08 12:44:10|0s|200|GET|/health|::1|0 B|2 B||
2023-11-08 12:44:20|0s|200|GET|/health|::1|0 B|2 B||
2023-11-08 12:44:30|0s|200|GET|/health|::1|0 B|2 B||
2023-11-08 12:44:40|0s|200|GET|/health|::1|0 B|2 B||
2023-11-08 12:44:50|0s|200|GET|/health|::1|0 B|2 B||
2023-11-08 12:45:00|0s|200|GET|/health|::1|0 B|2 B||
2023-11-08 12:45:10|0s|200|GET|/health|::1|0 B|2 B||
2023-11-08 12:45:20|0s|200|GET|/health|::1|0 B|2 B||
2023-11-08 12:45:30|0s|200|GET|/health|::1|0 B|2 B||
2023-11-08 12:45:40|0s|200|GET|/health|::1|0 B|2 B||
2023-11-08 12:45:50|0s|200|GET|/health|::1|0 B|2 B||
2023-11-08 12:46:00|0s|200|GET|/health|::1|0 B|2 B||
2023-11-08 12:46:10|0s|200|GET|/health|::1|0 B|2 B||
2023-11-08 12:46:20|0s|200|GET|/health|::1|0 B|2 B||
